<?xml version="1.0" encoding="UTF-8"?>
<!-- Generated by org.testng.reporters.JUnitXMLReporter -->
<testsuite hostname="schakrab2l5" ignored="2" name="Command line test" tests="1" failures="0" timestamp="2020-01-21T15:56:56 IST" time="3.132" errors="0">
  <testcase name="loginAsBankManager" time="3.1" classname="com.w2a.testcases.LoginTest"/>
  <testcase name="@BeforeSuite setUp" time="0.0" classname="com.w2a.base.TestBase">
    <ignored/>
  </testcase> <!-- @BeforeSuite setUp -->
  <testcase name="@AfterSuite tearDown" time="0.0" classname="com.w2a.base.TestBase">
    <ignored/>
  </testcase> <!-- @AfterSuite tearDown -->
</testsuite> <!-- Command line test -->
