<?xml version="1.0" encoding="UTF-8"?>
<testng-results skipped="0" failed="0" ignored="2" total="3" passed="1">
  <reporter-output>
  </reporter-output>
  <suite name="Command line suite" duration-ms="3132" started-at="2020-01-21T15:56:53 IST" finished-at="2020-01-21T15:56:56 IST">
    <groups>
    </groups>
    <test name="Command line test" duration-ms="3132" started-at="2020-01-21T15:56:53 IST" finished-at="2020-01-21T15:56:56 IST">
      <class name="com.w2a.testcases.LoginTest">
        <test-method status="PASS" signature="loginAsBankManager()[pri:0, instance:com.w2a.testcases.LoginTest@7b49cea0]" name="loginAsBankManager" duration-ms="3100" started-at="2020-01-21T15:56:53 IST" finished-at="2020-01-21T15:56:56 IST">
          <reporter-output>
          </reporter-output>
        </test-method> <!-- loginAsBankManager -->
      </class> <!-- com.w2a.testcases.LoginTest -->
      <class name="com.w2a.base.TestBase">
        <test-method status="PASS" signature="setUp()[pri:0, instance:com.w2a.base.TestBase@61f8bee4]" name="setUp" is-config="true" duration-ms="4555" started-at="2020-01-21T15:56:49 IST" finished-at="2020-01-21T15:56:53 IST">
          <reporter-output>
          </reporter-output>
        </test-method> <!-- setUp -->
        <test-method status="PASS" signature="tearDown()[pri:0, instance:com.w2a.base.TestBase@61f8bee4]" name="tearDown" is-config="true" duration-ms="864" started-at="2020-01-21T15:56:56 IST" finished-at="2020-01-21T15:56:57 IST">
          <reporter-output>
          </reporter-output>
        </test-method> <!-- tearDown -->
      </class> <!-- com.w2a.base.TestBase -->
    </test> <!-- Command line test -->
  </suite> <!-- Command line suite -->
</testng-results>
