<?xml version="1.0" encoding="UTF-8"?>
<testng-results skipped="0" failed="0" ignored="0" total="1" passed="1">
  <reporter-output>
  </reporter-output>
  <suite name="Default suite" duration-ms="3144" started-at="2020-01-23T00:38:51Z" finished-at="2020-01-23T00:38:54Z">
    <groups>
    </groups>
    <test name="Default test" duration-ms="3144" started-at="2020-01-23T00:38:51Z" finished-at="2020-01-23T00:38:54Z">
      <class name="com.w2a.testcases.LoginTest">
        <test-method status="PASS" signature="setUp()[pri:0, instance:com.w2a.testcases.LoginTest@e4487af]" name="setUp" is-config="true" duration-ms="5728" started-at="2020-01-23T06:08:46Z" finished-at="2020-01-23T06:08:51Z">
          <reporter-output>
          </reporter-output>
        </test-method> <!-- setUp -->
        <test-method status="PASS" signature="loginAsBankManager()[pri:0, instance:com.w2a.testcases.LoginTest@e4487af]" name="loginAsBankManager" duration-ms="3126" started-at="2020-01-23T06:08:51Z" finished-at="2020-01-23T06:08:54Z">
          <reporter-output>
          </reporter-output>
        </test-method> <!-- loginAsBankManager -->
        <test-method status="PASS" signature="tearDown()[pri:0, instance:com.w2a.testcases.LoginTest@e4487af]" name="tearDown" is-config="true" duration-ms="956" started-at="2020-01-23T06:08:55Z" finished-at="2020-01-23T06:08:55Z">
          <reporter-output>
          </reporter-output>
        </test-method> <!-- tearDown -->
      </class> <!-- com.w2a.testcases.LoginTest -->
    </test> <!-- Default test -->
  </suite> <!-- Default suite -->
</testng-results>
